# vsim -c tb_sva_wlast_before_aw -l ./report/logs/sva_unit_run.log -do "run -all; quit -f" 
# Start time: 15:31:50 on Jul 07,2026
# ** Note: (vsim-3812) Design is being optimized...
# //  Questa Sim-64
# //  Version 10.6b linux_x86_64 May 25 2017
# //
# //  Copyright 1991-2017 Mentor Graphics Corporation
# //  All Rights Reserved.
# //
# //  QuestaSim and its associated documentation contain trade
# //  secrets and commercial or financial information that are the property of
# //  Mentor Graphics Corporation and are privileged, confidential,
# //  and exempt from disclosure under the Freedom of Information Act,
# //  5 U.S.C. Section 552. Furthermore, this information
# //  is prohibited from disclosure under the Trade Secrets Act,
# //  18 U.S.C. Section 1905.
# //
# Loading sv_std.std
# Loading work.tb_sva_wlast_before_aw(fast)
# run -all
# 
# [TB] ===== PHASE A: legal W-before-AW partial overlap =====
# [TB] Expect NO [SVA] error in this phase.
# 
# [TB] ===== PHASE B: legal pipelined AW==WLAST same edge =====
# [TB] Expect NO [SVA] error in this phase.
# 
# [TB] ===== PHASE C: illegal WLAST missing before AW =====
# [TB] Expect exactly ONE [SVA] WLAST_MISSING_W_BEFORE_AW error.
# ** Error: [SVA] W accepted 5 beats without WLAST before AW arrived, but AWLEN=2 (WLAST missing/late, W before AW)
#    Time: 505 ns  Scope: tb_sva_wlast_before_aw.dut.WLAST_MISSING_W_BEFORE_AW File: ../src/sva/axi4_sva.sv Line: 372
# 
# [TB] ===== DONE =====
# [TB] PASS criteria: 0 [SVA] errors in PHASE A and PHASE B,
# [TB]                exactly 1 [SVA] error in PHASE C.
# ** Note: $finish    : ../src/sva/tb_sva_wlast_before_aw.sv(216)
#    Time: 570 ns  Iteration: 1  Instance: /tb_sva_wlast_before_aw
# End time: 15:31:50 on Jul 07,2026, Elapsed time: 0:00:00
# Errors: 1, Warnings: 0
